2024-01-16 11:12:26,004 INFO org.springframework.boot.StartupInfoLogger [restartedMain] Starting EmployeeDepartmentApplication on 53s-MacBook-Air.local with PID 43525 (/Users/neilaybhatt/Documents/IQM-EmployeeDepartment-Task/target/classes started by neilaybhatt in /Users/neilaybhatt/Documents/IQM-EmployeeDepartment-Task)
2024-01-16 11:12:26,009 DEBUG org.springframework.boot.StartupInfoLogger [restartedMain] Running with Spring Boot v2.1.1.RELEASE, Spring v5.1.3.RELEASE
2024-01-16 11:12:26,010 INFO org.springframework.boot.SpringApplication [restartedMain] No active profile set, falling back to default profiles: default
2024-01-16 11:12:26,120 INFO org.springframework.boot.logging.DeferredLog [restartedMain] Devtools property defaults active! Set 'spring.devtools.add-properties' to 'false' to disable
2024-01-16 11:12:26,121 INFO org.springframework.boot.logging.DeferredLog [restartedMain] For additional web related logging consider setting the 'logging.level.web' property to 'DEBUG'
2024-01-16 11:12:27,622 INFO org.springframework.data.repository.config.RepositoryConfigurationDelegate [restartedMain] Bootstrapping Spring Data repositories in DEFAULT mode.
2024-01-16 11:12:27,650 INFO org.springframework.data.repository.config.RepositoryConfigurationDelegate [restartedMain] Finished Spring Data repository scanning in 23ms. Found 0 repository interfaces.
2024-01-16 11:12:28,208 INFO org.springframework.context.support.PostProcessorRegistrationDelegate$BeanPostProcessorChecker [restartedMain] Bean 'org.springframework.transaction.annotation.ProxyTransactionManagementConfiguration' of type [org.springframework.transaction.annotation.ProxyTransactionManagementConfiguration$$EnhancerBySpringCGLIB$$b5237e67] is not eligible for getting processed by all BeanPostProcessors (for example: not eligible for auto-proxying)
2024-01-16 11:12:28,828 INFO org.springframework.boot.web.embedded.tomcat.TomcatWebServer [restartedMain] Tomcat initialized with port(s): 8080 (http)
2024-01-16 11:12:28,854 INFO org.apache.juli.logging.DirectJDKLog [restartedMain] Initializing ProtocolHandler ["http-nio-8080"]
2024-01-16 11:12:28,867 INFO org.apache.juli.logging.DirectJDKLog [restartedMain] Starting service [Tomcat]
2024-01-16 11:12:28,868 INFO org.apache.juli.logging.DirectJDKLog [restartedMain] Starting Servlet Engine: Apache Tomcat/9.0.13
2024-01-16 11:12:28,956 INFO org.apache.juli.logging.DirectJDKLog [restartedMain] The APR based Apache Tomcat Native library which allows optimal performance in production environments was not found on the java.library.path: [/Users/neilaybhatt/Library/Java/Extensions:/Library/Java/Extensions:/Network/Library/Java/Extensions:/System/Library/Java/Extensions:/usr/lib/java:.]
2024-01-16 11:12:29,081 INFO org.apache.juli.logging.DirectJDKLog [restartedMain] Initializing Spring embedded WebApplicationContext
2024-01-16 11:12:29,082 INFO org.springframework.boot.web.servlet.context.ServletWebServerApplicationContext [restartedMain] Root WebApplicationContext: initialization completed in 2961 ms
2024-01-16 11:12:29,341 INFO com.zaxxer.hikari.HikariDataSource [restartedMain] HikariPool-1 - Starting...
2024-01-16 11:12:31,146 INFO com.zaxxer.hikari.HikariDataSource [restartedMain] HikariPool-1 - Start completed.
2024-01-16 11:12:31,299 INFO org.hibernate.jpa.internal.util.LogHelper [restartedMain] HHH000204: Processing PersistenceUnitInfo [
	name: default
	...]
2024-01-16 11:12:31,341 INFO org.hibernate.Version [restartedMain] HHH000412: Hibernate Core {5.3.7.Final}
2024-01-16 11:12:31,343 INFO org.hibernate.cfg.Environment [restartedMain] HHH000206: hibernate.properties not found
2024-01-16 11:12:31,462 INFO org.hibernate.annotations.common.reflection.java.JavaReflectionManager [restartedMain] HCANN000001: Hibernate Commons Annotations {5.0.4.Final}
2024-01-16 11:12:31,582 INFO org.hibernate.dialect.Dialect [restartedMain] HHH000400: Using dialect: org.hibernate.dialect.MySQLDialect
2024-01-16 11:12:32,477 INFO org.springframework.orm.jpa.AbstractEntityManagerFactoryBean [restartedMain] Initialized JPA EntityManagerFactory for persistence unit 'default'
2024-01-16 11:12:33,420 WARN org.springframework.boot.autoconfigure.orm.jpa.JpaBaseConfiguration$JpaWebConfiguration$JpaWebMvcConfiguration [restartedMain] spring.jpa.open-in-view is enabled by default. Therefore, database queries may be performed during view rendering. Explicitly configure spring.jpa.open-in-view to disable this warning
2024-01-16 11:12:33,644 INFO springfox.documentation.spring.web.PropertySourcedRequestMappingHandlerMapping [restartedMain] Mapped URL path [/v2/api-docs] onto method [public org.springframework.http.ResponseEntity<springfox.documentation.spring.web.json.Json> springfox.documentation.swagger2.web.Swagger2Controller.getDocumentation(java.lang.String,javax.servlet.http.HttpServletRequest)]
2024-01-16 11:12:34,192 INFO org.springframework.scheduling.concurrent.ExecutorConfigurationSupport [restartedMain] Initializing ExecutorService 'applicationTaskExecutor'
2024-01-16 11:12:34,231 INFO org.springframework.boot.devtools.autoconfigure.OptionalLiveReloadServer [restartedMain] LiveReload server is running on port 35729
2024-01-16 11:12:34,623 INFO springfox.documentation.spring.web.plugins.DocumentationPluginsBootstrapper [restartedMain] Context refreshed
2024-01-16 11:12:34,637 INFO springfox.documentation.spring.web.plugins.DocumentationPluginsBootstrapper [restartedMain] Found 1 custom documentation plugin(s)
2024-01-16 11:12:34,690 INFO springfox.documentation.spring.web.scanners.ApiListingReferenceScanner [restartedMain] Scanning for api listing references
2024-01-16 11:12:35,003 INFO org.apache.juli.logging.DirectJDKLog [restartedMain] Starting ProtocolHandler ["http-nio-8080"]
2024-01-16 11:12:35,012 INFO org.apache.juli.logging.DirectJDKLog [restartedMain] Using a shared selector for servlet write/read
2024-01-16 11:12:35,033 INFO org.springframework.boot.web.embedded.tomcat.TomcatWebServer [restartedMain] Tomcat started on port(s): 8080 (http) with context path ''
2024-01-16 11:12:35,036 INFO org.springframework.boot.StartupInfoLogger [restartedMain] Started EmployeeDepartmentApplication in 9.527 seconds (JVM running for 10.102)
2024-01-16 11:12:40,346 INFO org.apache.juli.logging.DirectJDKLog [http-nio-8080-exec-1] Initializing Spring DispatcherServlet 'dispatcherServlet'
2024-01-16 11:12:40,347 INFO org.springframework.web.servlet.FrameworkServlet [http-nio-8080-exec-1] Initializing Servlet 'dispatcherServlet'
2024-01-16 11:12:40,376 INFO org.springframework.web.servlet.FrameworkServlet [http-nio-8080-exec-1] Completed initialization in 28 ms
2024-01-16 11:14:12,936 INFO org.springframework.scheduling.concurrent.ExecutorConfigurationSupport [Thread-9] Shutting down ExecutorService 'applicationTaskExecutor'
2024-01-16 11:14:12,941 INFO org.springframework.orm.jpa.AbstractEntityManagerFactoryBean [Thread-9] Closing JPA EntityManagerFactory for persistence unit 'default'
2024-01-16 11:14:12,949 INFO com.zaxxer.hikari.HikariDataSource [Thread-9] HikariPool-1 - Shutdown initiated...
2024-01-16 11:14:13,472 INFO com.zaxxer.hikari.HikariDataSource [Thread-9] HikariPool-1 - Shutdown completed.
2024-01-16 12:01:30,410 INFO org.springframework.boot.StartupInfoLogger [restartedMain] Starting EmployeeDepartmentApplication on 53s-MacBook-Air.local with PID 44044 (/Users/neilaybhatt/Documents/IQM-EmployeeDepartment-Task/target/classes started by neilaybhatt in /Users/neilaybhatt/Documents/IQM-EmployeeDepartment-Task)
2024-01-16 12:01:30,415 DEBUG org.springframework.boot.StartupInfoLogger [restartedMain] Running with Spring Boot v2.1.1.RELEASE, Spring v5.1.3.RELEASE
2024-01-16 12:01:30,417 INFO org.springframework.boot.SpringApplication [restartedMain] No active profile set, falling back to default profiles: default
2024-01-16 12:01:30,616 INFO org.springframework.boot.logging.DeferredLog [restartedMain] Devtools property defaults active! Set 'spring.devtools.add-properties' to 'false' to disable
2024-01-16 12:01:30,617 INFO org.springframework.boot.logging.DeferredLog [restartedMain] For additional web related logging consider setting the 'logging.level.web' property to 'DEBUG'
2024-01-16 12:01:32,912 INFO org.springframework.data.repository.config.RepositoryConfigurationDelegate [restartedMain] Bootstrapping Spring Data repositories in DEFAULT mode.
2024-01-16 12:01:32,950 INFO org.springframework.data.repository.config.RepositoryConfigurationDelegate [restartedMain] Finished Spring Data repository scanning in 30ms. Found 0 repository interfaces.
2024-01-16 12:01:33,821 INFO org.springframework.context.support.PostProcessorRegistrationDelegate$BeanPostProcessorChecker [restartedMain] Bean 'org.springframework.transaction.annotation.ProxyTransactionManagementConfiguration' of type [org.springframework.transaction.annotation.ProxyTransactionManagementConfiguration$$EnhancerBySpringCGLIB$$cd7dc85b] is not eligible for getting processed by all BeanPostProcessors (for example: not eligible for auto-proxying)
2024-01-16 12:01:34,914 INFO org.springframework.boot.web.embedded.tomcat.TomcatWebServer [restartedMain] Tomcat initialized with port(s): 8080 (http)
2024-01-16 12:01:34,963 INFO org.apache.juli.logging.DirectJDKLog [restartedMain] Initializing ProtocolHandler ["http-nio-8080"]
2024-01-16 12:01:34,990 INFO org.apache.juli.logging.DirectJDKLog [restartedMain] Starting service [Tomcat]
2024-01-16 12:01:34,992 INFO org.apache.juli.logging.DirectJDKLog [restartedMain] Starting Servlet Engine: Apache Tomcat/9.0.13
2024-01-16 12:01:35,115 INFO org.apache.juli.logging.DirectJDKLog [restartedMain] The APR based Apache Tomcat Native library which allows optimal performance in production environments was not found on the java.library.path: [/Users/neilaybhatt/Library/Java/Extensions:/Library/Java/Extensions:/Network/Library/Java/Extensions:/System/Library/Java/Extensions:/usr/lib/java:.]
2024-01-16 12:01:35,375 INFO org.apache.juli.logging.DirectJDKLog [restartedMain] Initializing Spring embedded WebApplicationContext
2024-01-16 12:01:35,376 INFO org.springframework.boot.web.servlet.context.ServletWebServerApplicationContext [restartedMain] Root WebApplicationContext: initialization completed in 4758 ms
2024-01-16 12:01:35,936 INFO com.zaxxer.hikari.HikariDataSource [restartedMain] HikariPool-1 - Starting...
2024-01-16 12:01:37,303 INFO com.zaxxer.hikari.HikariDataSource [restartedMain] HikariPool-1 - Start completed.
2024-01-16 12:01:37,518 INFO org.hibernate.jpa.internal.util.LogHelper [restartedMain] HHH000204: Processing PersistenceUnitInfo [
	name: default
	...]
2024-01-16 12:01:37,658 INFO org.hibernate.Version [restartedMain] HHH000412: Hibernate Core {5.3.7.Final}
2024-01-16 12:01:37,669 INFO org.hibernate.cfg.Environment [restartedMain] HHH000206: hibernate.properties not found
2024-01-16 12:01:37,950 INFO org.hibernate.annotations.common.reflection.java.JavaReflectionManager [restartedMain] HCANN000001: Hibernate Commons Annotations {5.0.4.Final}
2024-01-16 12:01:38,213 INFO org.hibernate.dialect.Dialect [restartedMain] HHH000400: Using dialect: org.hibernate.dialect.MySQLDialect
2024-01-16 12:01:39,021 INFO org.springframework.orm.jpa.AbstractEntityManagerFactoryBean [restartedMain] Initialized JPA EntityManagerFactory for persistence unit 'default'
2024-01-16 12:01:40,146 WARN org.springframework.boot.autoconfigure.orm.jpa.JpaBaseConfiguration$JpaWebConfiguration$JpaWebMvcConfiguration [restartedMain] spring.jpa.open-in-view is enabled by default. Therefore, database queries may be performed during view rendering. Explicitly configure spring.jpa.open-in-view to disable this warning
2024-01-16 12:01:40,820 INFO springfox.documentation.spring.web.PropertySourcedRequestMappingHandlerMapping [restartedMain] Mapped URL path [/v2/api-docs] onto method [public org.springframework.http.ResponseEntity<springfox.documentation.spring.web.json.Json> springfox.documentation.swagger2.web.Swagger2Controller.getDocumentation(java.lang.String,javax.servlet.http.HttpServletRequest)]
2024-01-16 12:01:41,711 INFO org.springframework.scheduling.concurrent.ExecutorConfigurationSupport [restartedMain] Initializing ExecutorService 'applicationTaskExecutor'
2024-01-16 12:01:41,802 INFO org.springframework.boot.devtools.autoconfigure.OptionalLiveReloadServer [restartedMain] LiveReload server is running on port 35729
2024-01-16 12:01:42,442 INFO springfox.documentation.spring.web.plugins.DocumentationPluginsBootstrapper [restartedMain] Context refreshed
2024-01-16 12:01:42,464 INFO springfox.documentation.spring.web.plugins.DocumentationPluginsBootstrapper [restartedMain] Found 1 custom documentation plugin(s)
2024-01-16 12:01:42,562 INFO springfox.documentation.spring.web.scanners.ApiListingReferenceScanner [restartedMain] Scanning for api listing references
2024-01-16 12:01:43,124 INFO org.apache.juli.logging.DirectJDKLog [restartedMain] Starting ProtocolHandler ["http-nio-8080"]
2024-01-16 12:01:43,144 INFO org.apache.juli.logging.DirectJDKLog [restartedMain] Using a shared selector for servlet write/read
2024-01-16 12:01:43,216 INFO org.springframework.boot.web.embedded.tomcat.TomcatWebServer [restartedMain] Tomcat started on port(s): 8080 (http) with context path ''
2024-01-16 12:01:43,231 INFO org.springframework.boot.StartupInfoLogger [restartedMain] Started EmployeeDepartmentApplication in 13.555 seconds (JVM running for 14.569)
2024-01-16 12:01:43,292 INFO org.apache.juli.logging.DirectJDKLog [http-nio-8080-exec-1] Initializing Spring DispatcherServlet 'dispatcherServlet'
2024-01-16 12:01:43,293 INFO org.springframework.web.servlet.FrameworkServlet [http-nio-8080-exec-1] Initializing Servlet 'dispatcherServlet'
2024-01-16 12:01:43,336 INFO org.springframework.web.servlet.FrameworkServlet [http-nio-8080-exec-1] Completed initialization in 43 ms
2024-01-16 12:02:15,208 INFO com.example.employeedepartment.controller.EmployeeController [http-nio-8080-exec-2] Received GET /employees request with page=0, size=5, sortField=id, sortDirection=asc, searchTerm=null
2024-01-16 12:02:15,210 INFO com.example.employeedepartment.service.imp.EmployeeServiceImpl [http-nio-8080-exec-2] Processing getAllEmployees request with page=0, size=5, sortField=id, sortDirection=asc, searchTerm=null
2024-01-16 12:02:15,302 INFO com.example.employeedepartment.dao.EmployeeDao [http-nio-8080-exec-2] Executing SQL query: SELECT * FROM employee ORDER BY id asc LIMIT ? OFFSET ?
2024-01-16 12:02:15,484 INFO com.example.employeedepartment.service.imp.EmployeeServiceImpl [http-nio-8080-exec-2] Finished processing getAllEmployees request with 5 employees
2024-01-16 12:02:15,486 INFO com.example.employeedepartment.controller.EmployeeController [http-nio-8080-exec-2] Sent GET /employees response with 5 employees
2024-01-16 12:02:39,657 INFO com.example.employeedepartment.dao.EmployeeDao [http-nio-8080-exec-1] Executing SQL query: INSERT INTO employee (name, role, department_id) VALUES (?, ?, ?)
2024-01-16 12:02:55,933 INFO com.example.employeedepartment.controller.EmployeeController [http-nio-8080-exec-4] Received GET /employees request with employee id = 14
2024-01-16 12:02:55,936 INFO com.example.employeedepartment.service.imp.EmployeeServiceImpl [http-nio-8080-exec-4] Processing getEmployeeById request with id=14
2024-01-16 12:02:55,939 INFO com.example.employeedepartment.dao.EmployeeDao [http-nio-8080-exec-4] Executing SQL query: SELECT * FROM employee WHERE id = ?
2024-01-16 12:02:56,062 INFO com.example.employeedepartment.service.imp.EmployeeServiceImpl [http-nio-8080-exec-4] Finished processing getEmployeeById request with employee id = 14
2024-01-16 12:02:56,064 INFO com.example.employeedepartment.controller.EmployeeController [http-nio-8080-exec-4] Sent GET /employees response with employee id = 14
2024-01-16 12:03:00,541 INFO com.example.employeedepartment.controller.EmployeeController [http-nio-8080-exec-5] Received GET /employees request with employee id = 13
2024-01-16 12:03:00,545 INFO com.example.employeedepartment.service.imp.EmployeeServiceImpl [http-nio-8080-exec-5] Processing getEmployeeById request with id=13
2024-01-16 12:03:00,546 INFO com.example.employeedepartment.dao.EmployeeDao [http-nio-8080-exec-5] Executing SQL query: SELECT * FROM employee WHERE id = ?
2024-01-16 12:03:00,656 INFO com.example.employeedepartment.service.imp.EmployeeServiceImpl [http-nio-8080-exec-5] Finished processing getEmployeeById request with employee id = 13
2024-01-16 12:03:00,656 INFO com.example.employeedepartment.controller.EmployeeController [http-nio-8080-exec-5] Sent GET /employees response with employee id = 13
2024-01-16 12:03:03,752 INFO com.example.employeedepartment.controller.EmployeeController [http-nio-8080-exec-7] Received GET /employees request with employee id = 14
2024-01-16 12:03:03,753 INFO com.example.employeedepartment.service.imp.EmployeeServiceImpl [http-nio-8080-exec-7] Processing getEmployeeById request with id=14
2024-01-16 12:03:03,753 INFO com.example.employeedepartment.dao.EmployeeDao [http-nio-8080-exec-7] Executing SQL query: SELECT * FROM employee WHERE id = ?
2024-01-16 12:03:03,851 INFO com.example.employeedepartment.service.imp.EmployeeServiceImpl [http-nio-8080-exec-7] Finished processing getEmployeeById request with employee id = 14
2024-01-16 12:03:03,852 INFO com.example.employeedepartment.controller.EmployeeController [http-nio-8080-exec-7] Sent GET /employees response with employee id = 14
2024-01-16 12:03:17,661 INFO com.example.employeedepartment.dao.EmployeeDao [http-nio-8080-exec-4] Executing SQL query: DELETE FROM employee WHERE id = ?
2024-01-16 12:03:34,897 INFO com.example.employeedepartment.dao.EmployeeDao [http-nio-8080-exec-6] Executing SQL query: INSERT INTO employee (name, role, department_id) VALUES (?, ?, ?)
2024-01-16 12:03:41,137 INFO com.example.employeedepartment.controller.EmployeeController [http-nio-8080-exec-1] Received GET /employees request with employee id = 14
2024-01-16 12:03:41,138 INFO com.example.employeedepartment.service.imp.EmployeeServiceImpl [http-nio-8080-exec-1] Processing getEmployeeById request with id=14
2024-01-16 12:03:41,138 INFO com.example.employeedepartment.dao.EmployeeDao [http-nio-8080-exec-1] Executing SQL query: SELECT * FROM employee WHERE id = ?
2024-01-16 12:03:41,236 ERROR com.example.employeedepartment.dao.EmployeeDao [http-nio-8080-exec-1] Error executing SQL query
2024-01-16 12:03:41,258 ERROR com.example.employeedepartment.controller.EmployeeController [http-nio-8080-exec-1] Some error occurred in the server
2024-01-16 12:03:45,407 INFO com.example.employeedepartment.controller.EmployeeController [http-nio-8080-exec-10] Received GET /employees request with employee id = 15
2024-01-16 12:03:45,412 INFO com.example.employeedepartment.service.imp.EmployeeServiceImpl [http-nio-8080-exec-10] Processing getEmployeeById request with id=15
2024-01-16 12:03:45,415 INFO com.example.employeedepartment.dao.EmployeeDao [http-nio-8080-exec-10] Executing SQL query: SELECT * FROM employee WHERE id = ?
2024-01-16 12:03:45,530 INFO com.example.employeedepartment.service.imp.EmployeeServiceImpl [http-nio-8080-exec-10] Finished processing getEmployeeById request with employee id = 15
2024-01-16 12:03:45,532 INFO com.example.employeedepartment.controller.EmployeeController [http-nio-8080-exec-10] Sent GET /employees response with employee id = 15
2024-01-16 12:04:00,860 INFO com.example.employeedepartment.dao.EmployeeDao [http-nio-8080-exec-9] Executing SQL query: DELETE FROM employee WHERE id = ?
2024-01-16 12:04:05,349 INFO com.example.employeedepartment.controller.EmployeeController [http-nio-8080-exec-9] Received GET /employees request with page=0, size=5, sortField=id, sortDirection=asc, searchTerm=null
2024-01-16 12:04:05,351 INFO com.example.employeedepartment.service.imp.EmployeeServiceImpl [http-nio-8080-exec-9] Processing getAllEmployees request with page=0, size=5, sortField=id, sortDirection=asc, searchTerm=null
2024-01-16 12:04:05,352 INFO com.example.employeedepartment.dao.EmployeeDao [http-nio-8080-exec-9] Executing SQL query: SELECT * FROM employee ORDER BY id asc LIMIT ? OFFSET ?
2024-01-16 12:04:05,467 INFO com.example.employeedepartment.service.imp.EmployeeServiceImpl [http-nio-8080-exec-9] Finished processing getAllEmployees request with 5 employees
2024-01-16 12:04:05,468 INFO com.example.employeedepartment.controller.EmployeeController [http-nio-8080-exec-9] Sent GET /employees response with 5 employees
2024-01-16 12:04:09,712 INFO org.springframework.scheduling.concurrent.ExecutorConfigurationSupport [Thread-9] Shutting down ExecutorService 'applicationTaskExecutor'
2024-01-16 12:04:09,715 INFO org.springframework.orm.jpa.AbstractEntityManagerFactoryBean [Thread-9] Closing JPA EntityManagerFactory for persistence unit 'default'
2024-01-16 12:04:09,727 INFO com.zaxxer.hikari.HikariDataSource [Thread-9] HikariPool-1 - Shutdown initiated...
2024-01-16 12:04:10,246 INFO com.zaxxer.hikari.HikariDataSource [Thread-9] HikariPool-1 - Shutdown completed.
2024-01-16 12:36:59,335 INFO org.springframework.boot.StartupInfoLogger [restartedMain] Starting EmployeeDepartmentApplication on 53s-MacBook-Air.local with PID 44402 (/Users/neilaybhatt/Documents/IQM-EmployeeDepartment-Task/target/classes started by neilaybhatt in /Users/neilaybhatt/Documents/IQM-EmployeeDepartment-Task)
2024-01-16 12:36:59,340 DEBUG org.springframework.boot.StartupInfoLogger [restartedMain] Running with Spring Boot v2.1.1.RELEASE, Spring v5.1.3.RELEASE
2024-01-16 12:36:59,343 INFO org.springframework.boot.SpringApplication [restartedMain] No active profile set, falling back to default profiles: default
2024-01-16 12:36:59,547 INFO org.springframework.boot.logging.DeferredLog [restartedMain] Devtools property defaults active! Set 'spring.devtools.add-properties' to 'false' to disable
2024-01-16 12:36:59,548 INFO org.springframework.boot.logging.DeferredLog [restartedMain] For additional web related logging consider setting the 'logging.level.web' property to 'DEBUG'
2024-01-16 12:37:02,329 INFO org.springframework.data.repository.config.RepositoryConfigurationDelegate [restartedMain] Bootstrapping Spring Data repositories in DEFAULT mode.
2024-01-16 12:37:02,377 INFO org.springframework.data.repository.config.RepositoryConfigurationDelegate [restartedMain] Finished Spring Data repository scanning in 38ms. Found 0 repository interfaces.
2024-01-16 12:37:03,383 INFO org.springframework.context.support.PostProcessorRegistrationDelegate$BeanPostProcessorChecker [restartedMain] Bean 'org.springframework.transaction.annotation.ProxyTransactionManagementConfiguration' of type [org.springframework.transaction.annotation.ProxyTransactionManagementConfiguration$$EnhancerBySpringCGLIB$$fd48698f] is not eligible for getting processed by all BeanPostProcessors (for example: not eligible for auto-proxying)
2024-01-16 12:37:04,533 INFO org.springframework.boot.web.embedded.tomcat.TomcatWebServer [restartedMain] Tomcat initialized with port(s): 8080 (http)
2024-01-16 12:37:04,579 INFO org.apache.juli.logging.DirectJDKLog [restartedMain] Initializing ProtocolHandler ["http-nio-8080"]
2024-01-16 12:37:04,600 INFO org.apache.juli.logging.DirectJDKLog [restartedMain] Starting service [Tomcat]
2024-01-16 12:37:04,602 INFO org.apache.juli.logging.DirectJDKLog [restartedMain] Starting Servlet Engine: Apache Tomcat/9.0.13
2024-01-16 12:37:04,763 INFO org.apache.juli.logging.DirectJDKLog [restartedMain] The APR based Apache Tomcat Native library which allows optimal performance in production environments was not found on the java.library.path: [/Users/neilaybhatt/Library/Java/Extensions:/Library/Java/Extensions:/Network/Library/Java/Extensions:/System/Library/Java/Extensions:/usr/lib/java:.]
2024-01-16 12:37:05,056 INFO org.apache.juli.logging.DirectJDKLog [restartedMain] Initializing Spring embedded WebApplicationContext
2024-01-16 12:37:05,058 INFO org.springframework.boot.web.servlet.context.ServletWebServerApplicationContext [restartedMain] Root WebApplicationContext: initialization completed in 5510 ms
2024-01-16 12:37:05,734 INFO com.zaxxer.hikari.HikariDataSource [restartedMain] HikariPool-1 - Starting...
2024-01-16 12:37:07,141 INFO com.zaxxer.hikari.HikariDataSource [restartedMain] HikariPool-1 - Start completed.
2024-01-16 12:37:07,392 INFO org.hibernate.jpa.internal.util.LogHelper [restartedMain] HHH000204: Processing PersistenceUnitInfo [
	name: default
	...]
2024-01-16 12:37:07,557 INFO org.hibernate.Version [restartedMain] HHH000412: Hibernate Core {5.3.7.Final}
2024-01-16 12:37:07,560 INFO org.hibernate.cfg.Environment [restartedMain] HHH000206: hibernate.properties not found
2024-01-16 12:37:07,946 INFO org.hibernate.annotations.common.reflection.java.JavaReflectionManager [restartedMain] HCANN000001: Hibernate Commons Annotations {5.0.4.Final}
2024-01-16 12:37:08,271 INFO org.hibernate.dialect.Dialect [restartedMain] HHH000400: Using dialect: org.hibernate.dialect.MySQLDialect
2024-01-16 12:37:09,356 INFO org.springframework.orm.jpa.AbstractEntityManagerFactoryBean [restartedMain] Initialized JPA EntityManagerFactory for persistence unit 'default'
2024-01-16 12:37:10,717 WARN org.springframework.boot.autoconfigure.orm.jpa.JpaBaseConfiguration$JpaWebConfiguration$JpaWebMvcConfiguration [restartedMain] spring.jpa.open-in-view is enabled by default. Therefore, database queries may be performed during view rendering. Explicitly configure spring.jpa.open-in-view to disable this warning
2024-01-16 12:37:11,518 INFO springfox.documentation.spring.web.PropertySourcedRequestMappingHandlerMapping [restartedMain] Mapped URL path [/v2/api-docs] onto method [public org.springframework.http.ResponseEntity<springfox.documentation.spring.web.json.Json> springfox.documentation.swagger2.web.Swagger2Controller.getDocumentation(java.lang.String,javax.servlet.http.HttpServletRequest)]
2024-01-16 12:37:12,599 INFO org.springframework.scheduling.concurrent.ExecutorConfigurationSupport [restartedMain] Initializing ExecutorService 'applicationTaskExecutor'
2024-01-16 12:37:12,660 INFO org.springframework.boot.devtools.autoconfigure.OptionalLiveReloadServer [restartedMain] LiveReload server is running on port 35729
2024-01-16 12:37:13,729 INFO springfox.documentation.spring.web.plugins.DocumentationPluginsBootstrapper [restartedMain] Context refreshed
2024-01-16 12:37:13,761 INFO springfox.documentation.spring.web.plugins.DocumentationPluginsBootstrapper [restartedMain] Found 1 custom documentation plugin(s)
2024-01-16 12:37:13,903 INFO springfox.documentation.spring.web.scanners.ApiListingReferenceScanner [restartedMain] Scanning for api listing references
2024-01-16 12:37:14,624 INFO org.apache.juli.logging.DirectJDKLog [restartedMain] Starting ProtocolHandler ["http-nio-8080"]
2024-01-16 12:37:14,642 INFO org.apache.juli.logging.DirectJDKLog [restartedMain] Using a shared selector for servlet write/read
2024-01-16 12:37:14,673 INFO org.springframework.boot.web.embedded.tomcat.TomcatWebServer [restartedMain] Tomcat started on port(s): 8080 (http) with context path ''
2024-01-16 12:37:14,683 INFO org.springframework.boot.StartupInfoLogger [restartedMain] Started EmployeeDepartmentApplication in 16.234 seconds (JVM running for 17.412)
2024-01-16 12:37:14,766 INFO org.apache.juli.logging.DirectJDKLog [http-nio-8080-exec-1] Initializing Spring DispatcherServlet 'dispatcherServlet'
2024-01-16 12:37:14,768 INFO org.springframework.web.servlet.FrameworkServlet [http-nio-8080-exec-1] Initializing Servlet 'dispatcherServlet'
2024-01-16 12:37:14,819 INFO org.springframework.web.servlet.FrameworkServlet [http-nio-8080-exec-1] Completed initialization in 51 ms
2024-01-16 12:37:27,546 INFO com.example.employeedepartment.controller.EmployeeController [http-nio-8080-exec-1] Received GET /employees request with employee id = 2
2024-01-16 12:37:27,554 INFO com.example.employeedepartment.service.imp.EmployeeServiceImpl [http-nio-8080-exec-1] Processing getEmployeeById request with id=2
2024-01-16 12:37:27,617 INFO com.example.employeedepartment.dao.EmployeeDao [http-nio-8080-exec-1] Executing SQL query: SELECT * FROM employee WHERE id = ?
2024-01-16 12:37:27,800 ERROR com.example.employeedepartment.dao.EmployeeDao [http-nio-8080-exec-1] Error executing SQL query
2024-01-16 12:37:27,808 ERROR com.example.employeedepartment.controller.EmployeeController [http-nio-8080-exec-1] Some error occurred in the server
2024-01-16 12:37:33,047 INFO com.example.employeedepartment.controller.EmployeeController [http-nio-8080-exec-7] Received GET /employees request with employee id = 1
2024-01-16 12:37:33,051 INFO com.example.employeedepartment.service.imp.EmployeeServiceImpl [http-nio-8080-exec-7] Processing getEmployeeById request with id=1
2024-01-16 12:37:33,052 INFO com.example.employeedepartment.dao.EmployeeDao [http-nio-8080-exec-7] Executing SQL query: SELECT * FROM employee WHERE id = ?
2024-01-16 12:37:33,159 INFO com.example.employeedepartment.service.imp.EmployeeServiceImpl [http-nio-8080-exec-7] Finished processing getEmployeeById request with employee id = 1
2024-01-16 12:37:33,160 INFO com.example.employeedepartment.controller.EmployeeController [http-nio-8080-exec-7] Sent GET /employees response with employee id = 1
2024-01-16 12:42:51,395 INFO org.springframework.scheduling.concurrent.ExecutorConfigurationSupport [Thread-9] Shutting down ExecutorService 'applicationTaskExecutor'
2024-01-16 12:42:51,401 INFO org.springframework.orm.jpa.AbstractEntityManagerFactoryBean [Thread-9] Closing JPA EntityManagerFactory for persistence unit 'default'
2024-01-16 12:42:51,420 INFO com.zaxxer.hikari.HikariDataSource [Thread-9] HikariPool-1 - Shutdown initiated...
2024-01-16 12:42:51,985 INFO com.zaxxer.hikari.HikariDataSource [Thread-9] HikariPool-1 - Shutdown completed.
2024-01-16 12:46:13,891 INFO org.springframework.boot.StartupInfoLogger [restartedMain] Starting EmployeeDepartmentApplication on 53s-MacBook-Air.local with PID 44471 (/Users/neilaybhatt/Documents/IQM-EmployeeDepartment-Task/target/classes started by neilaybhatt in /Users/neilaybhatt/Documents/IQM-EmployeeDepartment-Task)
2024-01-16 12:46:13,895 DEBUG org.springframework.boot.StartupInfoLogger [restartedMain] Running with Spring Boot v2.1.1.RELEASE, Spring v5.1.3.RELEASE
2024-01-16 12:46:13,898 INFO org.springframework.boot.SpringApplication [restartedMain] No active profile set, falling back to default profiles: default
2024-01-16 12:46:14,093 INFO org.springframework.boot.logging.DeferredLog [restartedMain] Devtools property defaults active! Set 'spring.devtools.add-properties' to 'false' to disable
2024-01-16 12:46:14,095 INFO org.springframework.boot.logging.DeferredLog [restartedMain] For additional web related logging consider setting the 'logging.level.web' property to 'DEBUG'
2024-01-16 12:46:16,633 INFO org.springframework.data.repository.config.RepositoryConfigurationDelegate [restartedMain] Bootstrapping Spring Data repositories in DEFAULT mode.
2024-01-16 12:46:16,676 INFO org.springframework.data.repository.config.RepositoryConfigurationDelegate [restartedMain] Finished Spring Data repository scanning in 35ms. Found 0 repository interfaces.
2024-01-16 12:46:17,587 INFO org.springframework.context.support.PostProcessorRegistrationDelegate$BeanPostProcessorChecker [restartedMain] Bean 'org.springframework.transaction.annotation.ProxyTransactionManagementConfiguration' of type [org.springframework.transaction.annotation.ProxyTransactionManagementConfiguration$$EnhancerBySpringCGLIB$$dbdbc031] is not eligible for getting processed by all BeanPostProcessors (for example: not eligible for auto-proxying)
2024-01-16 12:46:18,633 INFO org.springframework.boot.web.embedded.tomcat.TomcatWebServer [restartedMain] Tomcat initialized with port(s): 8080 (http)
2024-01-16 12:46:18,683 INFO org.apache.juli.logging.DirectJDKLog [restartedMain] Initializing ProtocolHandler ["http-nio-8080"]
2024-01-16 12:46:18,707 INFO org.apache.juli.logging.DirectJDKLog [restartedMain] Starting service [Tomcat]
2024-01-16 12:46:18,709 INFO org.apache.juli.logging.DirectJDKLog [restartedMain] Starting Servlet Engine: Apache Tomcat/9.0.13
2024-01-16 12:46:18,838 INFO org.apache.juli.logging.DirectJDKLog [restartedMain] The APR based Apache Tomcat Native library which allows optimal performance in production environments was not found on the java.library.path: [/Users/neilaybhatt/Library/Java/Extensions:/Library/Java/Extensions:/Network/Library/Java/Extensions:/System/Library/Java/Extensions:/usr/lib/java:.]
2024-01-16 12:46:19,071 INFO org.apache.juli.logging.DirectJDKLog [restartedMain] Initializing Spring embedded WebApplicationContext
2024-01-16 12:46:19,073 INFO org.springframework.boot.web.servlet.context.ServletWebServerApplicationContext [restartedMain] Root WebApplicationContext: initialization completed in 4978 ms
2024-01-16 12:46:19,654 INFO com.zaxxer.hikari.HikariDataSource [restartedMain] HikariPool-1 - Starting...
2024-01-16 12:46:20,882 INFO com.zaxxer.hikari.HikariDataSource [restartedMain] HikariPool-1 - Start completed.
2024-01-16 12:46:21,118 INFO org.hibernate.jpa.internal.util.LogHelper [restartedMain] HHH000204: Processing PersistenceUnitInfo [
	name: default
	...]
2024-01-16 12:46:21,203 INFO org.hibernate.Version [restartedMain] HHH000412: Hibernate Core {5.3.7.Final}
2024-01-16 12:46:21,205 INFO org.hibernate.cfg.Environment [restartedMain] HHH000206: hibernate.properties not found
2024-01-16 12:46:21,524 INFO org.hibernate.annotations.common.reflection.java.JavaReflectionManager [restartedMain] HCANN000001: Hibernate Commons Annotations {5.0.4.Final}
2024-01-16 12:46:21,806 INFO org.hibernate.dialect.Dialect [restartedMain] HHH000400: Using dialect: org.hibernate.dialect.MySQLDialect
2024-01-16 12:46:22,694 INFO org.springframework.orm.jpa.AbstractEntityManagerFactoryBean [restartedMain] Initialized JPA EntityManagerFactory for persistence unit 'default'
2024-01-16 12:46:23,793 WARN org.springframework.boot.autoconfigure.orm.jpa.JpaBaseConfiguration$JpaWebConfiguration$JpaWebMvcConfiguration [restartedMain] spring.jpa.open-in-view is enabled by default. Therefore, database queries may be performed during view rendering. Explicitly configure spring.jpa.open-in-view to disable this warning
2024-01-16 12:46:24,568 INFO springfox.documentation.spring.web.PropertySourcedRequestMappingHandlerMapping [restartedMain] Mapped URL path [/v2/api-docs] onto method [public org.springframework.http.ResponseEntity<springfox.documentation.spring.web.json.Json> springfox.documentation.swagger2.web.Swagger2Controller.getDocumentation(java.lang.String,javax.servlet.http.HttpServletRequest)]
2024-01-16 12:46:25,529 INFO org.springframework.scheduling.concurrent.ExecutorConfigurationSupport [restartedMain] Initializing ExecutorService 'applicationTaskExecutor'
2024-01-16 12:46:25,600 INFO org.springframework.boot.devtools.autoconfigure.OptionalLiveReloadServer [restartedMain] LiveReload server is running on port 35729
2024-01-16 12:46:26,285 INFO springfox.documentation.spring.web.plugins.DocumentationPluginsBootstrapper [restartedMain] Context refreshed
2024-01-16 12:46:26,312 INFO springfox.documentation.spring.web.plugins.DocumentationPluginsBootstrapper [restartedMain] Found 1 custom documentation plugin(s)
2024-01-16 12:46:26,422 INFO springfox.documentation.spring.web.scanners.ApiListingReferenceScanner [restartedMain] Scanning for api listing references
2024-01-16 12:46:27,019 INFO org.apache.juli.logging.DirectJDKLog [restartedMain] Starting ProtocolHandler ["http-nio-8080"]
2024-01-16 12:46:27,036 INFO org.apache.juli.logging.DirectJDKLog [restartedMain] Using a shared selector for servlet write/read
2024-01-16 12:46:27,063 INFO org.springframework.boot.web.embedded.tomcat.TomcatWebServer [restartedMain] Tomcat started on port(s): 8080 (http) with context path ''
2024-01-16 12:46:27,068 INFO org.springframework.boot.StartupInfoLogger [restartedMain] Started EmployeeDepartmentApplication in 13.98 seconds (JVM running for 14.979)
2024-01-16 12:46:27,234 INFO org.apache.juli.logging.DirectJDKLog [http-nio-8080-exec-1] Initializing Spring DispatcherServlet 'dispatcherServlet'
2024-01-16 12:46:27,236 INFO org.springframework.web.servlet.FrameworkServlet [http-nio-8080-exec-1] Initializing Servlet 'dispatcherServlet'
2024-01-16 12:46:27,277 INFO org.springframework.web.servlet.FrameworkServlet [http-nio-8080-exec-1] Completed initialization in 41 ms
2024-01-16 12:46:47,684 INFO com.example.employeedepartment.controller.EmployeeController [http-nio-8080-exec-5] Received GET /employees request with employee id = 14
2024-01-16 12:46:47,689 INFO com.example.employeedepartment.service.imp.EmployeeServiceImpl [http-nio-8080-exec-5] Processing getEmployeeById request with id=14
2024-01-16 12:46:47,767 INFO com.example.employeedepartment.dao.EmployeeDao [http-nio-8080-exec-5] Executing SQL query: SELECT * FROM employee WHERE id = ?
2024-01-16 12:46:47,942 ERROR com.example.employeedepartment.dao.EmployeeDao [http-nio-8080-exec-5] Error executing SQL query
2024-01-16 12:46:47,954 ERROR com.example.employeedepartment.service.imp.EmployeeServiceImpl [http-nio-8080-exec-5] Error occurred in database operation.
2024-01-16 12:46:47,955 ERROR com.example.employeedepartment.controller.EmployeeController [http-nio-8080-exec-5] Some error occurred in the server
2024-01-16 12:50:00,949 INFO org.springframework.scheduling.concurrent.ExecutorConfigurationSupport [Thread-9] Shutting down ExecutorService 'applicationTaskExecutor'
2024-01-16 12:50:00,957 INFO org.springframework.orm.jpa.AbstractEntityManagerFactoryBean [Thread-9] Closing JPA EntityManagerFactory for persistence unit 'default'
2024-01-16 12:50:00,976 INFO com.zaxxer.hikari.HikariDataSource [Thread-9] HikariPool-1 - Shutdown initiated...
2024-01-16 12:50:01,510 INFO com.zaxxer.hikari.HikariDataSource [Thread-9] HikariPool-1 - Shutdown completed.
